<?xml version="1.0" encoding="UTF-8"?>
<testsuite xmlns:xsi="http://www.w3.org/2001/XMLSchema-instance" xsi:noNamespaceSchemaLocation="https://maven.apache.org/surefire/maven-surefire-plugin/xsd/surefire-test-report.xsd" name="com.example.mybatis.TestMeetMapper" time="4.921" tests="2" errors="1" skipped="0" failures="0">
  <properties>
[...]
</properties>
  <testcase name="testQueryAll" classname="com.example.mybatis.TestMeetMapper" time="0.526"/>
  <testcase name="testQueryByMeet" classname="com.example.mybatis.TestMeetMapper" time="0.276">
    <error type="java.lang.NullPointerException">java.lang.NullPointerException
	at com.example.mybatis.TestMeetMapper.testQueryByMeet(TestMeetMapper.java:23)
</error>
    <system-out><![CDATA[2023-01-29 22:58:17.795  INFO 16076 --- [           main] com.zaxxer.hikari.HikariDataSource       : HikariPool-1 - Starting...
2023-01-29 22:58:17.986  INFO 16076 --- [           main] com.zaxxer.hikari.HikariDataSource       : HikariPool-1 - Start completed.
]]></system-out>
  </testcase>
</testsuite>